[debug] [2021-09-14T22:23:46.947Z] ----------------------------------------------------------------------
[debug] [2021-09-14T22:23:46.949Z] Command:       /usr/local/bin/node /usr/local/bin/firebase init hosting:github
[debug] [2021-09-14T22:23:46.949Z] CLI Version:   9.18.0
[debug] [2021-09-14T22:23:46.949Z] Platform:      darwin
[debug] [2021-09-14T22:23:46.949Z] Node Version:  v14.17.6
[debug] [2021-09-14T22:23:46.955Z] Time:          Tue Sep 14 2021 15:23:46 GMT-0700 (Pacific Daylight Time)
[debug] [2021-09-14T22:23:46.955Z] ----------------------------------------------------------------------
[debug] 
[debug] [2021-09-14T22:23:47.000Z] > command requires scopes: ["email","openid","https://www.googleapis.com/auth/cloudplatformprojects.readonly","https://www.googleapis.com/auth/firebase","https://www.googleapis.com/auth/cloud-platform"]
[debug] [2021-09-14T22:23:47.000Z] > authorizing via signed-in user (sarapereira0420@gmail.com)
[info] 
     ######## #### ########  ######## ########     ###     ######  ########
     ##        ##  ##     ## ##       ##     ##  ##   ##  ##       ##
     ######    ##  ########  ######   ########  #########  ######  ######
     ##        ##  ##    ##  ##       ##     ## ##     ##       ## ##
     ##       #### ##     ## ######## ########  ##     ##  ######  ########

You're about to initialize a Firebase project in this directory:

  /Users/sarapereira/Desktop/Dev/komquest_ui

Before we get started, keep in mind:

  * You are initializing within an existing Firebase project directory

[info] 
=== Project Setup
[info] 
[info] First, let's associate this project directory with a Firebase project.
[info] You can create multiple project aliases by running firebase use --add, 
[info] but for now we'll just set up a default project.
[info] 
[info] i  .firebaserc already has a default project, using komquests-ui. 
[debug] [2021-09-14T22:23:47.005Z] > refreshing access token with scopes: []
[debug] [2021-09-14T22:23:47.006Z] >>> HTTP REQUEST POST https://www.googleapis.com/oauth2/v3/token  
 <request body omitted>
[debug] [2021-09-14T22:23:47.161Z] <<< HTTP RESPONSE 200 {"pragma":"no-cache","date":"Tue, 14 Sep 2021 22:23:47 GMT","cache-control":"no-cache, no-store, max-age=0, must-revalidate","expires":"Mon, 01 Jan 1990 00:00:00 GMT","content-type":"application/json; charset=utf-8","vary":"X-Origin, Referer, Origin,Accept-Encoding","server":"scaffolding on HTTPServer2","x-xss-protection":"0","x-frame-options":"SAMEORIGIN","x-content-type-options":"nosniff","alt-svc":"h3=\":443\"; ma=2592000,h3-29=\":443\"; ma=2592000,h3-T051=\":443\"; ma=2592000,h3-Q050=\":443\"; ma=2592000,h3-Q046=\":443\"; ma=2592000,h3-Q043=\":443\"; ma=2592000,quic=\":443\"; ma=2592000; v=\"46,43\"","accept-ranges":"none","transfer-encoding":"chunked"}
[debug] [2021-09-14T22:23:47.224Z] >>> [apiv2][query] GET https://firebase.googleapis.com/v1beta1/projects/komquests-ui [none]
[debug] [2021-09-14T22:23:47.455Z] <<< [apiv2][status] GET https://firebase.googleapis.com/v1beta1/projects/komquests-ui 200
[debug] [2021-09-14T22:23:47.455Z] <<< [apiv2][body] GET https://firebase.googleapis.com/v1beta1/projects/komquests-ui {"projectId":"komquests-ui","projectNumber":"994561151698","displayName":"Komquests","name":"projects/komquests-ui","resources":{"hostingSite":"komquests-ui"},"state":"ACTIVE"}
[info] 
=== Hosting:github Setup
[info] 
[info] i  Detected a .git folder at /Users/sarapereira/Desktop/Dev/komquest_ui 
[info] i  Authorizing with GitHub to upload your service account to a GitHub repository's secrets store. 
[info] 
[info] Visit this URL on this device to log in:
[info] https://github.com/login/oauth/authorize?client_id=89cf50f02ac6aaed3484&state=55135854&redirect_uri=http%3A%2F%2Flocalhost%3A9005&scope=read%3Auser%20repo%20public_repo
[info] 
[info] Waiting for authentication...
[debug] [2021-09-14T22:23:47.982Z] >>> HTTP REQUEST POST https://github.com/login/oauth/access_token  
 {"client_id":"89cf50f02ac6aaed3484","client_secret":"3330d14abc895d9a74d5f17cd7a00711fa2c5bf0","code":"16c3f275299900115c95","redirect_uri":"http://localhost:9005","state":"55135854"}
[debug] [2021-09-14T22:23:48.274Z] <<< HTTP RESPONSE 200 {"server":"GitHub.com","date":"Tue, 14 Sep 2021 22:23:48 GMT","content-type":"application/json; charset=utf-8","transfer-encoding":"chunked","vary":"X-PJAX, X-PJAX-Container, Accept-Encoding, Accept, X-Requested-With","permissions-policy":"interest-cohort=()","etag":"W/\"b98a3ecad94a2bea39ef3ac46c447cf4\"","cache-control":"max-age=0, private, must-revalidate","strict-transport-security":"max-age=31536000; includeSubdomains; preload","x-frame-options":"deny","x-content-type-options":"nosniff","x-xss-protection":"0","referrer-policy":"origin-when-cross-origin, strict-origin-when-cross-origin","expect-ct":"max-age=2592000, report-uri=\"https://api.github.com/_private/browser/errors\"","content-security-policy":"default-src 'none'; base-uri 'self'; block-all-mixed-content; connect-src 'self' uploads.github.com www.githubstatus.com collector.githubapp.com api.github.com github-cloud.s3.amazonaws.com github-production-repository-file-5c1aeb.s3.amazonaws.com github-production-upload-manifest-file-7fdce7.s3.amazonaws.com github-production-user-asset-6210df.s3.amazonaws.com cdn.optimizely.com logx.optimizely.com/v1/events translator.github.com wss://alive.github.com; font-src github.githubassets.com; form-action 'self' github.com gist.github.com; frame-ancestors 'none'; frame-src render.githubusercontent.com viewscreen.githubusercontent.com; img-src 'self' data: github.githubassets.com identicons.github.com collector.githubapp.com github-cloud.s3.amazonaws.com secured-user-images.githubusercontent.com/ *.githubusercontent.com; manifest-src 'self'; media-src github.com user-images.githubusercontent.com/; script-src github.githubassets.com; style-src 'unsafe-inline' github.githubassets.com; worker-src github.com/socket-worker-0af8a29d.js gist.github.com/socket-worker-0af8a29d.js","x-github-request-id":"EEE7:2D04:CC1A8B:ED32B2:614120F4"}
[debug] [2021-09-14T22:23:48.279Z] >>> [apiv2][query] GET https://api.github.com/user [none]
[debug] [2021-09-14T22:23:48.599Z] <<< [apiv2][status] GET https://api.github.com/user 200
[debug] [2021-09-14T22:23:48.599Z] <<< [apiv2][body] GET https://api.github.com/user {"login":"saravpereira","id":77545921,"node_id":"MDQ6VXNlcjc3NTQ1OTIx","avatar_url":"https://avatars.githubusercontent.com/u/77545921?v=4","gravatar_id":"","url":"https://api.github.com/users/saravpereira","html_url":"https://github.com/saravpereira","followers_url":"https://api.github.com/users/saravpereira/followers","following_url":"https://api.github.com/users/saravpereira/following{/other_user}","gists_url":"https://api.github.com/users/saravpereira/gists{/gist_id}","starred_url":"https://api.github.com/users/saravpereira/starred{/owner}{/repo}","subscriptions_url":"https://api.github.com/users/saravpereira/subscriptions","organizations_url":"https://api.github.com/users/saravpereira/orgs","repos_url":"https://api.github.com/users/saravpereira/repos","events_url":"https://api.github.com/users/saravpereira/events{/privacy}","received_events_url":"https://api.github.com/users/saravpereira/received_events","type":"User","site_admin":false,"name":"sara","company":null,"blog":"","location":"San Jose, CA","email":null,"hireable":null,"bio":null,"twitter_username":null,"public_repos":3,"public_gists":0,"followers":0,"following":0,"created_at":"2021-01-16T17:36:28Z","updated_at":"2021-09-11T16:45:32Z","private_gists":0,"total_private_repos":0,"owned_private_repos":0,"disk_usage":2057,"collaborators":0,"two_factor_authentication":false,"plan":{"name":"free","space":976562499,"collaborators":0,"private_repos":10000}}
[info] 
[info] ✔  Success! Logged into GitHub as saravpereira 
[info] 
